Rozpoznává se hodnota hash kompilátoru pro triplet x64-windows...
Nalezen kompilátor: C:/Program Files (x86)/Microsoft Visual Studio/2022/BuildTools/VC/Tools/MSVC/14.39.33519/bin/Hostx64/x64/cl.exe
Následující balíčky jsou již nainstalovány:
  * egl-registry:x64-windows@2022-09-20 -- git+https://github.com/microsoft/vcpkg@e596b6c29ad16da764aab6f2fef830a3a884f14b
    fmt:x64-windows@9.1.0#1 -- git+https://github.com/microsoft/vcpkg@3f452404270b508daf355b72031ad3ee7d0d5751
    glew:x64-windows@2.2.0#2 -- git+https://github.com/microsoft/vcpkg@1fbf96a084cd511f49fa7f7009b56bd3d3361fb0
    glfw3:x64-windows@3.3.8#2 -- git+https://github.com/microsoft/vcpkg@308cd3ebdf6752e9d5eeb2933f33972c784aa8bd
    glm:x64-windows@0.9.9.8#2 -- git+https://github.com/microsoft/vcpkg@b940020b1f2958fcc468c615becec6ca5ad3bff5
    nlohmann-json:x64-windows@3.11.2 -- git+https://github.com/microsoft/vcpkg@caa64b8c731ac2457575ea3c5f1827bc82ecac84
  * opengl:x64-windows@2022-12-04#3 -- git+https://github.com/microsoft/vcpkg@c3ae71738f88449ebcd781cef60d9a253fa091d4
  * opengl-registry:x64-windows@2022-09-29#1 -- git+https://github.com/microsoft/vcpkg@367e1502c966f1df0656bdea115989650d01a781
  * vcpkg-cmake:x64-windows@2022-12-22 -- git+https://github.com/microsoft/vcpkg@1913f86defd2140d0a6751be2d51952e4090efa4
  * vcpkg-cmake-config:x64-windows@2022-02-06#1 -- git+https://github.com/microsoft/vcpkg@8d54cc4f487d51b655abec5f9c9c3f86ca83311f
The package fmt provides CMake targets:

    find_package(fmt CONFIG REQUIRED)
    target_link_libraries(main PRIVATE fmt::fmt)

    # Or use the header-only version
    find_package(fmt CONFIG REQUIRED)
    target_link_libraries(main PRIVATE fmt::fmt-header-only)

The package glew is compatible with built-in CMake targets:

    find_package(GLEW REQUIRED)
    target_link_libraries(main PRIVATE GLEW::GLEW)

glfw3 poskytuje cíle CMake:

  # toto je heuristicky generované a nemusí být správné
  find_package(glfw3 CONFIG REQUIRED)
  target_link_libraries(main PRIVATE glfw)

glfw3 poskytuje moduly pkg-config:

  # A multi-platform library for OpenGL, window and input
  glfw3

glm poskytuje cíle CMake:

  # toto je heuristicky generované a nemusí být správné
  find_package(glm CONFIG REQUIRED)
  target_link_libraries(main PRIVATE glm::glm)

The package nlohmann-json provides CMake targets:

    find_package(nlohmann_json CONFIG REQUIRED)
    target_link_libraries(main PRIVATE nlohmann_json::nlohmann_json)

The package nlohmann-json can be configured to not provide implicit conversions via a custom triplet file:

    set(nlohmann-json_IMPLICIT_CONVERSIONS OFF)

For more information, see the docs here:
    
    https://json.nlohmann.me/api/macros/json_use_implicit_conversions/

Všechny požadované instalace byly úspěšně dokončeny za: 1.63 ms.
